[32mINFO[0m:     2025-05-14 11:36:57 - root - Application starting up...
[32mINFO[0m:     2025-05-14 11:42:21 - root - Application shutting down...
[32mINFO[0m:     2025-05-14 11:42:22 - root - Application starting up...
[32mINFO[0m:     2025-05-14 11:47:44 - root - Application shutting down...
[32mINFO[0m:     2025-05-14 13:31:23 - root - Application starting up...
[32mINFO[0m:     2025-05-14 13:34:21 - root - Application shutting down...
[32mINFO[0m:     2025-05-14 13:35:12 - root - Application starting up...
[32mINFO[0m:     2025-05-14 13:41:54 - root - Application shutting down...
[32mINFO[0m:     2025-05-14 13:41:58 - root - Application starting up...
[32mINFO[0m:     2025-05-14 13:42:01 - root - Application shutting down...
[32mINFO[0m:     2025-05-14 13:42:02 - root - Application starting up...
[32mINFO[0m:     2025-05-14 13:42:08 - root - Application shutting down...
[32mINFO[0m:     2025-05-14 13:42:08 - root - Application starting up...
[32mINFO[0m:     2025-05-14 13:44:39 - root - Application shutting down...
[32mINFO[0m:     2025-05-14 13:44:40 - root - Application starting up...
[32mINFO[0m:     2025-05-14 13:44:41 - root - Application shutting down...
[32mINFO[0m:     2025-05-14 13:44:41 - root - Application starting up...
[32mINFO[0m:     2025-05-14 13:45:04 - root - Application shutting down...
[32mINFO[0m:     2025-05-14 13:45:05 - root - Application starting up...
[32mINFO[0m:     2025-05-14 13:46:32 - root - Application shutting down...
[32mINFO[0m:     2025-05-14 14:07:21 - root - Application starting up...
[32mINFO[0m:     2025-05-14 14:10:18 - root - Application shutting down...
[32mINFO[0m:     2025-05-14 14:10:18 - root - Application starting up...
[32mINFO[0m:     2025-05-14 14:11:12 - root - Application shutting down...
[32mINFO[0m:     2025-05-14 14:11:13 - root - Application starting up...
[32mINFO[0m:     2025-05-14 14:12:52 - root - Application shutting down...
[32mINFO[0m:     2025-05-14 14:12:52 - root - Application starting up...
[32mINFO[0m:     2025-05-14 14:14:10 - root - Application shutting down...
[32mINFO[0m:     2025-05-14 14:14:10 - root - Application starting up...
[32mINFO[0m:     2025-05-14 14:14:24 - root - Application shutting down...
[32mINFO[0m:     2025-05-14 14:14:25 - root - Application starting up...
[32mINFO[0m:     2025-05-14 14:15:31 - root - Application shutting down...
[32mINFO[0m:     2025-05-14 14:15:31 - root - Application starting up...
[32mINFO[0m:     2025-05-14 14:16:16 - root - Application shutting down...
[32mINFO[0m:     2025-05-14 14:16:17 - root - Application starting up...
[32mINFO[0m:     2025-05-14 14:18:29 - root - Application shutting down...
[32mINFO[0m:     2025-05-14 14:18:29 - root - Application starting up...
[32mINFO[0m:     2025-05-14 14:18:32 - root - Application shutting down...
[32mINFO[0m:     2025-05-14 14:18:33 - root - Application starting up...
[31mERROR[0m:    2025-05-14 14:18:36 - root - Validation error: [{'type': 'missing', 'loc': ('query', 'item_id'), 'msg': 'Field required', 'input': None}]
[32mINFO[0m:     2025-05-14 14:19:23 - root - Application shutting down...
[32mINFO[0m:     2025-05-14 14:19:23 - root - Application starting up...
[32mINFO[0m:     2025-05-14 14:26:48 - root - Application shutting down...
[32mINFO[0m:     2025-05-14 14:26:49 - root - Application starting up...
[32mINFO[0m:     2025-05-14 14:26:53 - root - Application shutting down...
[32mINFO[0m:     2025-05-14 14:26:54 - root - Application starting up...
[32mINFO[0m:     2025-05-14 14:27:07 - root - Application shutting down...
[32mINFO[0m:     2025-05-14 14:27:07 - root - Application starting up...
[32mINFO[0m:     2025-05-14 14:27:49 - root - Application shutting down...
[32mINFO[0m:     2025-05-14 14:27:50 - root - Application starting up...
[32mINFO[0m:     2025-05-14 14:29:24 - root - Application shutting down...
[32mINFO[0m:     2025-05-14 14:29:25 - root - Application starting up...
[32mINFO[0m:     2025-05-14 14:35:49 - root - Application shutting down...
[32mINFO[0m:     2025-05-14 14:35:50 - root - Application starting up...
[32mINFO[0m:     2025-05-14 14:36:36 - root - Application shutting down...
[32mINFO[0m:     2025-05-14 14:36:36 - root - Application starting up...
[32mINFO[0m:     2025-05-14 14:37:37 - root - Application shutting down...
[32mINFO[0m:     2025-05-14 14:37:38 - root - Application starting up...
[32mINFO[0m:     2025-05-14 14:38:03 - root - Application shutting down...
[32mINFO[0m:     2025-05-14 14:38:04 - root - Application starting up...
[32mINFO[0m:     2025-05-14 14:46:58 - root - Application shutting down...
[32mINFO[0m:     2025-05-14 14:46:58 - root - Application starting up...
[32mINFO[0m:     2025-05-14 14:47:50 - root - Application shutting down...
[32mINFO[0m:     2025-05-14 14:47:51 - root - Application starting up...
[32mINFO[0m:     2025-05-14 14:48:11 - root - Application shutting down...
[32mINFO[0m:     2025-05-14 14:48:11 - root - Application starting up...
[32mINFO[0m:     2025-05-14 14:48:29 - root - Application shutting down...
[32mINFO[0m:     2025-05-14 14:48:29 - root - Application starting up...
[32mINFO[0m:     2025-05-14 14:49:34 - root - Application shutting down...
[32mINFO[0m:     2025-05-14 14:49:35 - root - Application starting up...
[32mINFO[0m:     2025-05-14 14:49:37 - root - Application shutting down...
[32mINFO[0m:     2025-05-14 14:49:37 - root - Application starting up...
[32mINFO[0m:     2025-05-14 14:50:15 - root - Application shutting down...
[31mERROR[0m:    2025-05-14 14:50:16 - fastapi - Form data requires "python-multipart" to be installed. 
You can install "python-multipart" with: 

pip install python-multipart

[32mINFO[0m:     2025-05-14 14:54:43 - root - Application starting up...
[32mINFO[0m:     2025-05-14 14:57:46 - root - Application shutting down...
[32mINFO[0m:     2025-05-14 14:57:47 - root - Application starting up...
[32mINFO[0m:     2025-05-14 14:58:20 - root - Application shutting down...
